<?xml version="1.0" encoding="UTF-8"?>
<!-- Generated by org.testng.reporters.JUnitReportReporter -->
<testsuite hostname="LAPTOP-1PQROJCL" failures="0" tests="1" name="Demo1" time="0.007" errors="0" timestamp="2024-10-16T11:09:15 IST" skipped="0">
  <testcase classname="Demo1" name="signOut" time="0.007"/>
</testsuite> <!-- Demo1 -->
