<?xml version="1.0" encoding="UTF-8"?>
<!-- Generated by org.testng.reporters.JUnitReportReporter -->
<testsuite hostname="LAPTOP-1PQROJCL" failures="0" tests="2" name="simple" time="0.035" errors="0" timestamp="2024-10-16T11:09:15 IST" skipped="0">
  <testcase classname="simple" name="signOff" time="0.029"/>
  <testcase classname="simple" name="signUp" time="0.006"/>
</testsuite> <!-- simple -->
